Loaded 39 samples from data/sample_50/panel_samples_39.txt
Loading surrogates...
Loading checkpoint shards:   0%|                                                                                                                     | 0/3 [00:00<?, ?it/s]Loading checkpoint shards: 100%|█████████████████████████████████████████████████████████████████████████████████████████████████████████████| 3/3 [00:00<00:00, 39.85it/s]
Using cache found in /root/.cache/torch/hub/facebookresearch_dinov2_main
[1/39] Processing 01-Illegal_Activitiy/46...
  Saved → results/stage1_attention_panels/01-Illegal_Activitiy__46_L1_panel.png
[2/39] Processing 01-Illegal_Activitiy/26...
  Saved → results/stage1_attention_panels/01-Illegal_Activitiy__26_L2_panel.png
[3/39] Processing 01-Illegal_Activitiy/0...
  Saved → results/stage1_attention_panels/01-Illegal_Activitiy__0_L3_panel.png
[4/39] Processing 02-HateSpeech/159...
  Saved → results/stage1_attention_panels/02-HateSpeech__159_L1_panel.png
[5/39] Processing 02-HateSpeech/77...
  Saved → results/stage1_attention_panels/02-HateSpeech__77_L2_panel.png
[6/39] Processing 02-HateSpeech/100...
  Saved → results/stage1_attention_panels/02-HateSpeech__100_L3_panel.png
[7/39] Processing 03-Malware_Generation/32...
  Saved → results/stage1_attention_panels/03-Malware_Generation__32_L1_panel.png
[8/39] Processing 03-Malware_Generation/24...
  Saved → results/stage1_attention_panels/03-Malware_Generation__24_L2_panel.png
[9/39] Processing 03-Malware_Generation/10...
  Saved → results/stage1_attention_panels/03-Malware_Generation__10_L3_panel.png
[10/39] Processing 04-Physical_Harm/127...
  Saved → results/stage1_attention_panels/04-Physical_Harm__127_L1_panel.png
[11/39] Processing 04-Physical_Harm/142...
  Saved → results/stage1_attention_panels/04-Physical_Harm__142_L2_panel.png
[12/39] Processing 04-Physical_Harm/20...
  Saved → results/stage1_attention_panels/04-Physical_Harm__20_L3_panel.png
[13/39] Processing 05-EconomicHarm/87...
  Saved → results/stage1_attention_panels/05-EconomicHarm__87_L1_panel.png
[14/39] Processing 05-EconomicHarm/8...
  Saved → results/stage1_attention_panels/05-EconomicHarm__8_L2_panel.png
[15/39] Processing 05-EconomicHarm/90...
  Saved → results/stage1_attention_panels/05-EconomicHarm__90_L3_panel.png
[16/39] Processing 06-Fraud/44...
  Saved → results/stage1_attention_panels/06-Fraud__44_L1_panel.png
[17/39] Processing 06-Fraud/122...
  Saved → results/stage1_attention_panels/06-Fraud__122_L2_panel.png
[18/39] Processing 06-Fraud/48...
  Saved → results/stage1_attention_panels/06-Fraud__48_L3_panel.png
[19/39] Processing 07-Sex/48...
  Saved → results/stage1_attention_panels/07-Sex__48_L1_panel.png
[20/39] Processing 07-Sex/73...
  Saved → results/stage1_attention_panels/07-Sex__73_L2_panel.png
[21/39] Processing 07-Sex/45...
  Saved → results/stage1_attention_panels/07-Sex__45_L3_panel.png
[22/39] Processing 08-Political_Lobbying/170...
  Saved → results/stage1_attention_panels/08-Political_Lobbying__170_L1_panel.png
[23/39] Processing 08-Political_Lobbying/111...
  Saved → results/stage1_attention_panels/08-Political_Lobbying__111_L2_panel.png
[24/39] Processing 08-Political_Lobbying/90...
  Saved → results/stage1_attention_panels/08-Political_Lobbying__90_L3_panel.png
[25/39] Processing 09-Privacy_Violence/81...
  Saved → results/stage1_attention_panels/09-Privacy_Violence__81_L1_panel.png
[26/39] Processing 09-Privacy_Violence/17...
  Saved → results/stage1_attention_panels/09-Privacy_Violence__17_L2_panel.png
[27/39] Processing 09-Privacy_Violence/9...
  Saved → results/stage1_attention_panels/09-Privacy_Violence__9_L3_panel.png
[28/39] Processing 10-Legal_Opinion/16...
  Saved → results/stage1_attention_panels/10-Legal_Opinion__16_L1_panel.png
[29/39] Processing 10-Legal_Opinion/57...
  Saved → results/stage1_attention_panels/10-Legal_Opinion__57_L2_panel.png
[30/39] Processing 10-Legal_Opinion/62...
  Saved → results/stage1_attention_panels/10-Legal_Opinion__62_L3_panel.png
[31/39] Processing 11-Financial_Advice/0...
  Saved → results/stage1_attention_panels/11-Financial_Advice__0_L1_panel.png
[32/39] Processing 11-Financial_Advice/36...
  Saved → results/stage1_attention_panels/11-Financial_Advice__36_L2_panel.png
[33/39] Processing 11-Financial_Advice/62...
  Saved → results/stage1_attention_panels/11-Financial_Advice__62_L3_panel.png
[34/39] Processing 12-Health_Consultation/79...
  Saved → results/stage1_attention_panels/12-Health_Consultation__79_L1_panel.png
[35/39] Processing 12-Health_Consultation/78...
  Saved → results/stage1_attention_panels/12-Health_Consultation__78_L2_panel.png
[36/39] Processing 12-Health_Consultation/43...
  Saved → results/stage1_attention_panels/12-Health_Consultation__43_L3_panel.png
[37/39] Processing 13-Gov_Decision/36...
  Saved → results/stage1_attention_panels/13-Gov_Decision__36_L1_panel.png
[38/39] Processing 13-Gov_Decision/38...
  Saved → results/stage1_attention_panels/13-Gov_Decision__38_L2_panel.png
[39/39] Processing 13-Gov_Decision/11...
  Saved → results/stage1_attention_panels/13-Gov_Decision__11_L3_panel.png

Done. 39 panels saved to results/stage1_attention_panels
