Loading surrogates...
Loading checkpoint shards:   0%|                                                                                                                     | 0/3 [00:00<?, ?it/s]Loading checkpoint shards:  33%|████████████████████████████████████▎                                                                        | 1/3 [00:00<00:00,  4.28it/s]Loading checkpoint shards: 100%|█████████████████████████████████████████████████████████████████████████████████████████████████████████████| 3/3 [00:00<00:00,  8.46it/s]Loading checkpoint shards: 100%|█████████████████████████████████████████████████████████████████████████████████████████████████████████████| 3/3 [00:00<00:00,  7.71it/s]
Using cache found in /root/.cache/torch/hub/facebookresearch_dinov2_main
[1] 01-Illegal_Activitiy/0 ...
[2] 01-Illegal_Activitiy/1 ...
[3] 01-Illegal_Activitiy/11 ...
[4] 01-Illegal_Activitiy/12 ...
[5] 01-Illegal_Activitiy/2 ...
[6] 01-Illegal_Activitiy/20 ...
[7] 01-Illegal_Activitiy/21 ...
[8] 01-Illegal_Activitiy/22 ...
[9] 01-Illegal_Activitiy/23 ...
[10] 01-Illegal_Activitiy/24 ...
[11] 01-Illegal_Activitiy/26 ...
[12] 01-Illegal_Activitiy/27 ...
[13] 01-Illegal_Activitiy/29 ...
[14] 01-Illegal_Activitiy/3 ...
[15] 01-Illegal_Activitiy/34 ...
[16] 01-Illegal_Activitiy/40 ...
[17] 01-Illegal_Activitiy/43 ...
[18] 01-Illegal_Activitiy/45 ...
[19] 01-Illegal_Activitiy/46 ...
[20] 01-Illegal_Activitiy/48 ...
[21] 01-Illegal_Activitiy/49 ...
[22] 01-Illegal_Activitiy/5 ...
[23] 01-Illegal_Activitiy/51 ...
[24] 01-Illegal_Activitiy/53 ...
[25] 01-Illegal_Activitiy/55 ...
[26] 01-Illegal_Activitiy/56 ...
[27] 01-Illegal_Activitiy/57 ...
[28] 01-Illegal_Activitiy/60 ...
[29] 01-Illegal_Activitiy/66 ...
[30] 01-Illegal_Activitiy/67 ...
[31] 01-Illegal_Activitiy/73 ...
[32] 01-Illegal_Activitiy/77 ...
[33] 01-Illegal_Activitiy/79 ...
[34] 01-Illegal_Activitiy/80 ...
[35] 01-Illegal_Activitiy/81 ...
[36] 01-Illegal_Activitiy/82 ...
[37] 01-Illegal_Activitiy/86 ...
[38] 01-Illegal_Activitiy/87 ...
[39] 01-Illegal_Activitiy/89 ...
[40] 01-Illegal_Activitiy/93 ...
[41] 01-Illegal_Activitiy/96 ...
[42] 02-HateSpeech/1 ...
[43] 02-HateSpeech/100 ...
[44] 02-HateSpeech/102 ...
[45] 02-HateSpeech/106 ...
[46] 02-HateSpeech/112 ...
[47] 02-HateSpeech/113 ...
[48] 02-HateSpeech/114 ...
[49] 02-HateSpeech/119 ...
[50] 02-HateSpeech/12 ...
[51] 02-HateSpeech/121 ...
[52] 02-HateSpeech/123 ...
[53] 02-HateSpeech/126 ...
[54] 02-HateSpeech/128 ...
[55] 02-HateSpeech/130 ...
[56] 02-HateSpeech/133 ...
[57] 02-HateSpeech/135 ...
[58] 02-HateSpeech/136 ...
[59] 02-HateSpeech/140 ...
[60] 02-HateSpeech/159 ...
[61] 02-HateSpeech/162 ...
[62] 02-HateSpeech/18 ...
[63] 02-HateSpeech/27 ...
[64] 02-HateSpeech/3 ...
[65] 02-HateSpeech/30 ...
[66] 02-HateSpeech/35 ...
[67] 02-HateSpeech/37 ...
[68] 02-HateSpeech/43 ...
[69] 02-HateSpeech/47 ...
[70] 02-HateSpeech/49 ...
[71] 02-HateSpeech/5 ...
[72] 02-HateSpeech/51 ...
[73] 02-HateSpeech/53 ...
[74] 02-HateSpeech/58 ...
[75] 02-HateSpeech/62 ...
[76] 02-HateSpeech/65 ...
[77] 02-HateSpeech/67 ...
[78] 02-HateSpeech/75 ...
[79] 02-HateSpeech/76 ...
[80] 02-HateSpeech/77 ...
[81] 02-HateSpeech/8 ...
[82] 02-HateSpeech/85 ...
[83] 02-HateSpeech/86 ...
[84] 02-HateSpeech/90 ...
[85] 02-HateSpeech/93 ...
[86] 02-HateSpeech/98 ...
[87] 02-HateSpeech/99 ...
[88] 03-Malware_Generation/1 ...
[89] 03-Malware_Generation/10 ...
[90] 03-Malware_Generation/11 ...
[91] 03-Malware_Generation/12 ...
[92] 03-Malware_Generation/13 ...
[93] 03-Malware_Generation/14 ...
[94] 03-Malware_Generation/15 ...
[95] 03-Malware_Generation/16 ...
[96] 03-Malware_Generation/18 ...
[97] 03-Malware_Generation/19 ...
[98] 03-Malware_Generation/20 ...
[99] 03-Malware_Generation/21 ...
[100] 03-Malware_Generation/22 ...
[101] 03-Malware_Generation/23 ...
[102] 03-Malware_Generation/24 ...
[103] 03-Malware_Generation/26 ...
[104] 03-Malware_Generation/27 ...
[105] 03-Malware_Generation/28 ...
[106] 03-Malware_Generation/3 ...
[107] 03-Malware_Generation/30 ...
[108] 03-Malware_Generation/32 ...
[109] 03-Malware_Generation/33 ...
[110] 03-Malware_Generation/34 ...
[111] 03-Malware_Generation/35 ...
[112] 03-Malware_Generation/36 ...
[113] 03-Malware_Generation/38 ...
[114] 03-Malware_Generation/39 ...
[115] 03-Malware_Generation/4 ...
[116] 03-Malware_Generation/40 ...
[117] 03-Malware_Generation/41 ...
[118] 03-Malware_Generation/42 ...
[119] 03-Malware_Generation/43 ...
[120] 03-Malware_Generation/5 ...
[121] 03-Malware_Generation/7 ...
[122] 03-Malware_Generation/9 ...
[123] 04-Physical_Harm/0 ...
[124] 04-Physical_Harm/1 ...
[125] 04-Physical_Harm/10 ...
[126] 04-Physical_Harm/105 ...
[127] 04-Physical_Harm/106 ...
[128] 04-Physical_Harm/11 ...
[129] 04-Physical_Harm/114 ...
[130] 04-Physical_Harm/117 ...
[131] 04-Physical_Harm/119 ...
[132] 04-Physical_Harm/124 ...
[133] 04-Physical_Harm/127 ...
[134] 04-Physical_Harm/13 ...
[135] 04-Physical_Harm/133 ...
[136] 04-Physical_Harm/134 ...
[137] 04-Physical_Harm/135 ...
[138] 04-Physical_Harm/137 ...
[139] 04-Physical_Harm/140 ...
[140] 04-Physical_Harm/142 ...
[141] 04-Physical_Harm/18 ...
[142] 04-Physical_Harm/20 ...
[143] 04-Physical_Harm/27 ...
[144] 04-Physical_Harm/28 ...
[145] 04-Physical_Harm/4 ...
[146] 04-Physical_Harm/41 ...
[147] 04-Physical_Harm/42 ...
[148] 04-Physical_Harm/43 ...
[149] 04-Physical_Harm/47 ...
[150] 04-Physical_Harm/49 ...
[151] 04-Physical_Harm/51 ...
[152] 04-Physical_Harm/59 ...
[153] 04-Physical_Harm/60 ...
[154] 04-Physical_Harm/61 ...
[155] 04-Physical_Harm/63 ...
[156] 04-Physical_Harm/65 ...
[157] 04-Physical_Harm/69 ...
[158] 04-Physical_Harm/70 ...
[159] 04-Physical_Harm/73 ...
[160] 04-Physical_Harm/8 ...
[161] 04-Physical_Harm/80 ...
[162] 04-Physical_Harm/82 ...
[163] 04-Physical_Harm/84 ...
[164] 04-Physical_Harm/85 ...
[165] 04-Physical_Harm/86 ...
[166] 04-Physical_Harm/89 ...
[167] 04-Physical_Harm/90 ...
[168] 04-Physical_Harm/93 ...
[169] 04-Physical_Harm/98 ...
[170] 05-EconomicHarm/100 ...
[171] 05-EconomicHarm/106 ...
[172] 05-EconomicHarm/107 ...
[173] 05-EconomicHarm/108 ...
[174] 05-EconomicHarm/112 ...
[175] 05-EconomicHarm/113 ...
[176] 05-EconomicHarm/119 ...
[177] 05-EconomicHarm/123 ...
[178] 05-EconomicHarm/125 ...
[179] 05-EconomicHarm/126 ...
[180] 05-EconomicHarm/129 ...
[181] 05-EconomicHarm/130 ...
[182] 05-EconomicHarm/132 ...
[183] 05-EconomicHarm/15 ...
[184] 05-EconomicHarm/18 ...
[185] 05-EconomicHarm/19 ...
[186] 05-EconomicHarm/22 ...
[187] 05-EconomicHarm/23 ...
[188] 05-EconomicHarm/31 ...
[189] 05-EconomicHarm/36 ...
[190] 05-EconomicHarm/39 ...
[191] 05-EconomicHarm/41 ...
[192] 05-EconomicHarm/43 ...
[193] 05-EconomicHarm/50 ...
[194] 05-EconomicHarm/51 ...
[195] 05-EconomicHarm/57 ...
[196] 05-EconomicHarm/60 ...
[197] 05-EconomicHarm/61 ...
[198] 05-EconomicHarm/7 ...
[199] 05-EconomicHarm/71 ...
[200] 05-EconomicHarm/74 ...
[201] 05-EconomicHarm/76 ...
[202] 05-EconomicHarm/8 ...
[203] 05-EconomicHarm/80 ...
[204] 05-EconomicHarm/83 ...
[205] 05-EconomicHarm/84 ...
[206] 05-EconomicHarm/87 ...
[207] 05-EconomicHarm/88 ...
[208] 05-EconomicHarm/89 ...
[209] 05-EconomicHarm/90 ...
[210] 05-EconomicHarm/93 ...
[211] 05-EconomicHarm/97 ...
[212] 05-EconomicHarm/99 ...
[213] 06-Fraud/104 ...
[214] 06-Fraud/115 ...
[215] 06-Fraud/118 ...
[216] 06-Fraud/120 ...
[217] 06-Fraud/121 ...
[218] 06-Fraud/122 ...
[219] 06-Fraud/124 ...
[220] 06-Fraud/126 ...
[221] 06-Fraud/130 ...
[222] 06-Fraud/132 ...
[223] 06-Fraud/140 ...
[224] 06-Fraud/141 ...
[225] 06-Fraud/142 ...
[226] 06-Fraud/143 ...
[227] 06-Fraud/145 ...
[228] 06-Fraud/147 ...
[229] 06-Fraud/148 ...
[230] 06-Fraud/149 ...
[231] 06-Fraud/16 ...
[232] 06-Fraud/18 ...
[233] 06-Fraud/19 ...
[234] 06-Fraud/2 ...
[235] 06-Fraud/24 ...
[236] 06-Fraud/25 ...
[237] 06-Fraud/28 ...
[238] 06-Fraud/3 ...
[239] 06-Fraud/34 ...
[240] 06-Fraud/37 ...
[241] 06-Fraud/4 ...
[242] 06-Fraud/44 ...
[243] 06-Fraud/48 ...
[244] 06-Fraud/49 ...
[245] 06-Fraud/51 ...
[246] 06-Fraud/55 ...
[247] 06-Fraud/69 ...
[248] 06-Fraud/7 ...
[249] 06-Fraud/70 ...
[250] 06-Fraud/74 ...
[251] 06-Fraud/75 ...
[252] 06-Fraud/78 ...
[253] 06-Fraud/80 ...
[254] 06-Fraud/81 ...
[255] 06-Fraud/86 ...
[256] 06-Fraud/89 ...
[257] 07-Sex/0 ...
[258] 07-Sex/1 ...
[259] 07-Sex/10 ...
[260] 07-Sex/108 ...
[261] 07-Sex/13 ...
[262] 07-Sex/16 ...
[263] 07-Sex/19 ...
[264] 07-Sex/22 ...
[265] 07-Sex/23 ...
[266] 07-Sex/24 ...
[267] 07-Sex/26 ...
[268] 07-Sex/27 ...
[269] 07-Sex/28 ...
[270] 07-Sex/29 ...
[271] 07-Sex/31 ...
[272] 07-Sex/32 ...
[273] 07-Sex/34 ...
[274] 07-Sex/36 ...
[275] 07-Sex/38 ...
[276] 07-Sex/39 ...
[277] 07-Sex/45 ...
[278] 07-Sex/47 ...
[279] 07-Sex/48 ...
[280] 07-Sex/49 ...
[281] 07-Sex/54 ...
[282] 07-Sex/56 ...
[283] 07-Sex/60 ...
[284] 07-Sex/65 ...
[285] 07-Sex/67 ...
[286] 07-Sex/71 ...
[287] 07-Sex/72 ...
[288] 07-Sex/73 ...
[289] 07-Sex/74 ...
[290] 07-Sex/77 ...
[291] 07-Sex/78 ...
[292] 07-Sex/79 ...
[293] 07-Sex/82 ...
[294] 07-Sex/87 ...
[295] 07-Sex/88 ...
[296] 07-Sex/89 ...
[297] 07-Sex/90 ...
[298] 07-Sex/96 ...
[299] 07-Sex/98 ...
[300] 08-Political_Lobbying/0 ...
[301] 08-Political_Lobbying/1 ...
[302] 08-Political_Lobbying/102 ...
[303] 08-Political_Lobbying/105 ...
[304] 08-Political_Lobbying/106 ...
[305] 08-Political_Lobbying/111 ...
[306] 08-Political_Lobbying/126 ...
[307] 08-Political_Lobbying/128 ...
[308] 08-Political_Lobbying/130 ...
[309] 08-Political_Lobbying/137 ...
[310] 08-Political_Lobbying/14 ...
[311] 08-Political_Lobbying/140 ...
[312] 08-Political_Lobbying/141 ...
[313] 08-Political_Lobbying/156 ...
[314] 08-Political_Lobbying/16 ...
[315] 08-Political_Lobbying/163 ...
[316] 08-Political_Lobbying/164 ...
[317] 08-Political_Lobbying/17 ...
[318] 08-Political_Lobbying/170 ...
[319] 08-Political_Lobbying/179 ...
[320] 08-Political_Lobbying/18 ...
[321] 08-Political_Lobbying/2 ...
[322] 08-Political_Lobbying/22 ...
[323] 08-Political_Lobbying/27 ...
[324] 08-Political_Lobbying/29 ...
[325] 08-Political_Lobbying/3 ...
[326] 08-Political_Lobbying/50 ...
[327] 08-Political_Lobbying/52 ...
[328] 08-Political_Lobbying/53 ...
[329] 08-Political_Lobbying/55 ...
[330] 08-Political_Lobbying/59 ...
[331] 08-Political_Lobbying/63 ...
[332] 08-Political_Lobbying/66 ...
[333] 08-Political_Lobbying/69 ...
[334] 08-Political_Lobbying/71 ...
[335] 08-Political_Lobbying/76 ...
[336] 08-Political_Lobbying/81 ...
[337] 08-Political_Lobbying/90 ...
[338] 08-Political_Lobbying/91 ...
[339] 08-Political_Lobbying/92 ...
[340] 08-Political_Lobbying/96 ...
[341] 09-Privacy_Violence/0 ...
[342] 09-Privacy_Violence/1 ...
[343] 09-Privacy_Violence/10 ...
[344] 09-Privacy_Violence/101 ...
[345] 09-Privacy_Violence/102 ...
[346] 09-Privacy_Violence/106 ...
[347] 09-Privacy_Violence/114 ...
[348] 09-Privacy_Violence/116 ...
[349] 09-Privacy_Violence/117 ...
[350] 09-Privacy_Violence/118 ...
[351] 09-Privacy_Violence/121 ...
[352] 09-Privacy_Violence/126 ...
[353] 09-Privacy_Violence/130 ...
[354] 09-Privacy_Violence/132 ...
[355] 09-Privacy_Violence/15 ...
[356] 09-Privacy_Violence/16 ...
[357] 09-Privacy_Violence/17 ...
[358] 09-Privacy_Violence/19 ...
[359] 09-Privacy_Violence/25 ...
[360] 09-Privacy_Violence/32 ...
[361] 09-Privacy_Violence/33 ...
[362] 09-Privacy_Violence/4 ...
[363] 09-Privacy_Violence/41 ...
[364] 09-Privacy_Violence/42 ...
[365] 09-Privacy_Violence/43 ...
[366] 09-Privacy_Violence/45 ...
[367] 09-Privacy_Violence/47 ...
[368] 09-Privacy_Violence/48 ...
[369] 09-Privacy_Violence/49 ...
[370] 09-Privacy_Violence/52 ...
[371] 09-Privacy_Violence/54 ...
[372] 09-Privacy_Violence/65 ...
[373] 09-Privacy_Violence/68 ...
[374] 09-Privacy_Violence/70 ...
[375] 09-Privacy_Violence/74 ...
[376] 09-Privacy_Violence/79 ...
[377] 09-Privacy_Violence/81 ...
[378] 09-Privacy_Violence/9 ...
[379] 09-Privacy_Violence/90 ...
[380] 09-Privacy_Violence/95 ...
[381] 09-Privacy_Violence/96 ...
[382] 10-Legal_Opinion/0 ...
[383] 10-Legal_Opinion/103 ...
[384] 10-Legal_Opinion/109 ...
[385] 10-Legal_Opinion/110 ...
[386] 10-Legal_Opinion/115 ...
[387] 10-Legal_Opinion/121 ...
[388] 10-Legal_Opinion/13 ...
[389] 10-Legal_Opinion/16 ...
[390] 10-Legal_Opinion/17 ...
[391] 10-Legal_Opinion/18 ...
[392] 10-Legal_Opinion/26 ...
[393] 10-Legal_Opinion/28 ...
[394] 10-Legal_Opinion/29 ...
[395] 10-Legal_Opinion/3 ...
[396] 10-Legal_Opinion/31 ...
[397] 10-Legal_Opinion/33 ...
[398] 10-Legal_Opinion/35 ...
[399] 10-Legal_Opinion/40 ...
[400] 10-Legal_Opinion/43 ...
[401] 10-Legal_Opinion/49 ...
[402] 10-Legal_Opinion/51 ...
[403] 10-Legal_Opinion/52 ...
[404] 10-Legal_Opinion/53 ...
[405] 10-Legal_Opinion/54 ...
[406] 10-Legal_Opinion/55 ...
[407] 10-Legal_Opinion/56 ...
[408] 10-Legal_Opinion/57 ...
[409] 10-Legal_Opinion/60 ...
[410] 10-Legal_Opinion/62 ...
[411] 10-Legal_Opinion/63 ...
[412] 10-Legal_Opinion/64 ...
[413] 10-Legal_Opinion/70 ...
[414] 10-Legal_Opinion/71 ...
[415] 10-Legal_Opinion/74 ...
[416] 10-Legal_Opinion/77 ...
[417] 10-Legal_Opinion/79 ...
[418] 10-Legal_Opinion/81 ...
[419] 10-Legal_Opinion/84 ...
[420] 10-Legal_Opinion/85 ...
[421] 10-Legal_Opinion/87 ...
[422] 10-Legal_Opinion/88 ...
[423] 10-Legal_Opinion/91 ...
[424] 10-Legal_Opinion/93 ...
[425] 10-Legal_Opinion/97 ...
[426] 11-Financial_Advice/0 ...
[427] 11-Financial_Advice/10 ...
[428] 11-Financial_Advice/102 ...
[429] 11-Financial_Advice/103 ...
[430] 11-Financial_Advice/106 ...
[431] 11-Financial_Advice/113 ...
[432] 11-Financial_Advice/115 ...
[433] 11-Financial_Advice/118 ...
[434] 11-Financial_Advice/123 ...
[435] 11-Financial_Advice/125 ...
[436] 11-Financial_Advice/129 ...
[437] 11-Financial_Advice/13 ...
[438] 11-Financial_Advice/133 ...
[439] 11-Financial_Advice/137 ...
[440] 11-Financial_Advice/139 ...
[441] 11-Financial_Advice/146 ...
[442] 11-Financial_Advice/148 ...
[443] 11-Financial_Advice/149 ...
[444] 11-Financial_Advice/151 ...
[445] 11-Financial_Advice/155 ...
[446] 11-Financial_Advice/16 ...
[447] 11-Financial_Advice/19 ...
[448] 11-Financial_Advice/30 ...
[449] 11-Financial_Advice/33 ...
[450] 11-Financial_Advice/36 ...
[451] 11-Financial_Advice/38 ...
[452] 11-Financial_Advice/39 ...
[453] 11-Financial_Advice/46 ...
[454] 11-Financial_Advice/52 ...
[455] 11-Financial_Advice/62 ...
[456] 11-Financial_Advice/64 ...
[457] 11-Financial_Advice/66 ...
[458] 11-Financial_Advice/69 ...
[459] 11-Financial_Advice/70 ...
[460] 11-Financial_Advice/72 ...
[461] 11-Financial_Advice/73 ...
[462] 11-Financial_Advice/74 ...
[463] 11-Financial_Advice/78 ...
[464] 11-Financial_Advice/81 ...
[465] 11-Financial_Advice/85 ...
[466] 11-Financial_Advice/86 ...
[467] 11-Financial_Advice/87 ...
[468] 11-Financial_Advice/91 ...
[469] 11-Financial_Advice/93 ...
[470] 11-Financial_Advice/95 ...
[471] 12-Health_Consultation/0 ...
[472] 12-Health_Consultation/10 ...
[473] 12-Health_Consultation/103 ...
[474] 12-Health_Consultation/105 ...
[475] 12-Health_Consultation/108 ...
[476] 12-Health_Consultation/11 ...
[477] 12-Health_Consultation/14 ...
[478] 12-Health_Consultation/15 ...
[479] 12-Health_Consultation/19 ...
[480] 12-Health_Consultation/21 ...
[481] 12-Health_Consultation/22 ...
[482] 12-Health_Consultation/23 ...
[483] 12-Health_Consultation/33 ...
[484] 12-Health_Consultation/34 ...
[485] 12-Health_Consultation/38 ...
[486] 12-Health_Consultation/39 ...
[487] 12-Health_Consultation/4 ...
[488] 12-Health_Consultation/41 ...
[489] 12-Health_Consultation/42 ...
[490] 12-Health_Consultation/43 ...
[491] 12-Health_Consultation/45 ...
[492] 12-Health_Consultation/50 ...
[493] 12-Health_Consultation/53 ...
[494] 12-Health_Consultation/57 ...
[495] 12-Health_Consultation/6 ...
[496] 12-Health_Consultation/67 ...
[497] 12-Health_Consultation/69 ...
[498] 12-Health_Consultation/71 ...
[499] 12-Health_Consultation/78 ...
[500] 12-Health_Consultation/79 ...
[501] 12-Health_Consultation/81 ...
[502] 12-Health_Consultation/84 ...
[503] 12-Health_Consultation/86 ...
[504] 12-Health_Consultation/89 ...
[505] 12-Health_Consultation/9 ...
[506] 12-Health_Consultation/90 ...
[507] 12-Health_Consultation/91 ...
[508] 12-Health_Consultation/92 ...
[509] 12-Health_Consultation/94 ...
[510] 12-Health_Consultation/97 ...
[511] 12-Health_Consultation/98 ...
[512] 13-Gov_Decision/10 ...
[513] 13-Gov_Decision/103 ...
[514] 13-Gov_Decision/11 ...
[515] 13-Gov_Decision/111 ...
[516] 13-Gov_Decision/12 ...
[517] 13-Gov_Decision/120 ...
[518] 13-Gov_Decision/131 ...
[519] 13-Gov_Decision/137 ...
[520] 13-Gov_Decision/140 ...
[521] 13-Gov_Decision/147 ...
[522] 13-Gov_Decision/148 ...
[523] 13-Gov_Decision/17 ...
[524] 13-Gov_Decision/20 ...
[525] 13-Gov_Decision/26 ...
[526] 13-Gov_Decision/27 ...
[527] 13-Gov_Decision/28 ...
[528] 13-Gov_Decision/32 ...
[529] 13-Gov_Decision/34 ...
[530] 13-Gov_Decision/36 ...
[531] 13-Gov_Decision/38 ...
[532] 13-Gov_Decision/39 ...
[533] 13-Gov_Decision/40 ...
[534] 13-Gov_Decision/42 ...
[535] 13-Gov_Decision/44 ...
[536] 13-Gov_Decision/46 ...
[537] 13-Gov_Decision/51 ...
[538] 13-Gov_Decision/54 ...
[539] 13-Gov_Decision/55 ...
[540] 13-Gov_Decision/59 ...
[541] 13-Gov_Decision/63 ...
[542] 13-Gov_Decision/66 ...
[543] 13-Gov_Decision/67 ...
[544] 13-Gov_Decision/7 ...
[545] 13-Gov_Decision/72 ...
[546] 13-Gov_Decision/75 ...
[547] 13-Gov_Decision/77 ...
[548] 13-Gov_Decision/8 ...
[549] 13-Gov_Decision/83 ...
[550] 13-Gov_Decision/88 ...
[551] 13-Gov_Decision/89 ...
[552] 13-Gov_Decision/93 ...
[553] 13-Gov_Decision/94 ...
[554] 13-Gov_Decision/96 ...

Saved to results/stage1_real_sample50/
  - threshold_sweep.csv
  - threshold_sweep_plot.png
  - soft_correlations.csv
  - soft_correlation_matrix.png
  - calibration_summary.json

=== Threshold Sweep (Mean IoU) ===
 threshold_pct  llava-1.5-7b-hf__InternVL2-1B  llava-1.5-7b-hf__dinov2_vits14  InternVL2-1B__dinov2_vits14  triple_iou
           5.0                       0.028812                        0.042204                     0.028773    0.000148
          10.0                       0.059649                        0.091768                     0.048151    0.003174
          15.0                       0.089369                        0.131067                     0.069063    0.008277
          20.0                       0.121453                        0.167628                     0.093889    0.017403
          30.0                       0.192555                        0.240463                     0.157209    0.050048

=== Soft Correlations (Mean) ===
  llava-1.5-7b-hf__InternVL2-1B: Spearman=0.0428, Cosine=0.7856
  llava-1.5-7b-hf__dinov2_vits14: Spearman=0.1726, Cosine=0.7587
  InternVL2-1B__dinov2_vits14: Spearman=-0.0378, Cosine=0.7120
